0 info it worked if it ends with ok
1 verbose cli [ 'C:\\Program Files (x86)\\nodejs\\\\node.exe',
1 verbose cli   'C:\\Program Files (x86)\\nodejs\\node_modules\\npm\\bin\\npm-cli.js',
1 verbose cli   'version',
1 verbose cli   '0.0.69' ]
2 info using npm@3.3.0
3 info using node@v0.10.33
4 info git [ 'status', '--porcelain' ]
5 verbose stack Error: Git working directory not clean.
5 verbose stack M .idea/workspace.xml
5 verbose stack     at C:\Program Files (x86)\nodejs\node_modules\npm\lib\version.js:172:21
5 verbose stack     at ChildProcess.exithandler (child_process.js:646:7)
5 verbose stack     at ChildProcess.emit (events.js:98:17)
5 verbose stack     at maybeClose (child_process.js:756:16)
5 verbose stack     at Process.ChildProcess._handle.onexit (child_process.js:823:5)
6 verbose cwd C:\Repositories\Precorconnect\identity-service-javascript-sdk
7 error Windows_NT 6.2.9200
8 error argv "C:\\Program Files (x86)\\nodejs\\\\node.exe" "C:\\Program Files (x86)\\nodejs\\node_modules\\npm\\bin\\npm-cli.js" "version" "0.0.69"
9 error node v0.10.33
10 error npm  v3.3.0
11 error Git working directory not clean.
11 error M .idea/workspace.xml
12 error If you need help, you may report this error at:
12 error     <https://github.com/npm/npm/issues>
13 verbose exit [ 1, true ]
